<?xml version="1.0" encoding="UTF-8"?>
<!-- Generated by org.testng.reporters.JUnitReportReporter -->
<testsuite hostname="LAPTOP-95NO9S2C" failures="0" tests="1" name="kdf.Application" time="30.667" errors="0" timestamp="2021-01-30T23:33:12 IST" skipped="0">
  <testcase classname="kdf.Application" name="verifyInvalidLogin" time="30.667"/>
  <system-out/>
</testsuite> <!-- kdf.Application -->
