<?xml version="1.0" encoding="UTF-8"?>
<!-- Generated by org.testng.reporters.JUnitReportReporter -->
<testsuite hostname="LAPTOP-95NO9S2C" failures="0" tests="1" name="com.webappsecurity.zero.TestScripts.VerifyFundTrasferTest" time="27.757" errors="0" timestamp="2021-01-24T23:32:21 IST" skipped="0">
  <testcase classname="com.webappsecurity.zero.TestScripts.VerifyFundTrasferTest" name="verifyFundTransfer" time="27.757"/>
  <system-out/>
</testsuite> <!-- com.webappsecurity.zero.TestScripts.VerifyFundTrasferTest -->
